{"/Users/franzmoro/SW/inmotion_postcode/app/reducers/index.js":{"path":"/Users/franzmoro/SW/inmotion_postcode/app/reducers/index.js","s":{"1":1,"2":1},"b":{},"f":{},"fnMap":{},"statementMap":{"1":{"start":{"line":1,"column":0},"end":{"line":null,"column":null}},"2":{"start":{"line":3,"column":0},"end":{"line":null,"column":null}}},"branchMap":{}},"/Users/franzmoro/SW/inmotion_postcode/app/reducers/addresses.js":{"path":"/Users/franzmoro/SW/inmotion_postcode/app/reducers/addresses.js","s":{"1":1,"2":1,"3":1,"4":1,"5":14,"6":14,"7":14,"8":1,"9":1,"10":2,"11":10},"b":{"1":[10,4],"2":[14,14],"3":[1,1,2,10]},"f":{"1":14},"fnMap":{"1":{"name":"(anonymous_1)","line":16,"loc":{"start":{"line":16,"column":17},"end":{"line":16,"column":51}}}},"statementMap":{"1":{"start":{"line":1,"column":0},"end":{"line":null,"column":null}},"2":{"start":{"line":2,"column":0},"end":{"line":null,"column":null}},"3":{"start":{"line":8,"column":0},"end":{"line":null,"column":null}},"4":{"start":{"line":16,"column":0},"end":{"line":null,"column":null}},"5":{"start":{"line":16,"column":18},"end":{"line":16,"column":40}},"6":{"start":{"line":16,"column":40},"end":{"line":null,"column":null}},"7":{"start":{"line":17,"column":2},"end":{"line":null,"column":null}},"8":{"start":{"line":19,"column":6},"end":{"line":null,"column":null}},"9":{"start":{"line":23,"column":6},"end":{"line":null,"column":null}},"10":{"start":{"line":25,"column":6},"end":{"line":null,"column":null}},"11":{"start":{"line":27,"column":6},"end":{"line":17,"column":2}}},"branchMap":{"1":{"line":16,"type":"cond-expr","locations":[{"start":{"line":16,"column":26},"end":{"line":16,"column":26}},{"start":{"line":16,"column":26},"end":{"line":16,"column":51}}]},"2":{"line":16,"type":"binary-expr","locations":[{"start":{"line":16,"column":26},"end":{"line":16,"column":26}},{"start":{"line":16,"column":26},"end":{"line":16,"column":26}}]},"3":{"line":18,"type":"switch","locations":[{"start":{"line":18,"column":4},"end":{"line":null,"column":null}},{"start":{"line":22,"column":4},"end":{"line":null,"column":null}},{"start":{"line":24,"column":4},"end":{"line":null,"column":null}},{"start":{"line":26,"column":4},"end":{"line":17,"column":2}}]}}},"/Users/franzmoro/SW/inmotion_postcode/app/action_types.js":{"path":"/Users/franzmoro/SW/inmotion_postcode/app/action_types.js","s":{"1":1,"2":1,"3":1,"4":1,"5":1,"6":1,"7":1,"8":1},"b":{},"f":{},"fnMap":{},"statementMap":{"1":{"start":{"line":1,"column":7},"end":{"line":1,"column":7}},"2":{"start":{"line":1,"column":7},"end":{"line":null,"column":null}},"3":{"start":{"line":2,"column":7},"end":{"line":null,"column":null}},"4":{"start":{"line":3,"column":7},"end":{"line":null,"column":null}},"5":{"start":{"line":4,"column":7},"end":{"line":null,"column":null}},"6":{"start":{"line":5,"column":7},"end":{"line":null,"column":null}},"7":{"start":{"line":6,"column":7},"end":{"line":null,"column":null}},"8":{"start":{"line":7,"column":7},"end":{"line":null,"column":null}}},"branchMap":{}},"/Users/franzmoro/SW/inmotion_postcode/app/reducers/form.js":{"path":"/Users/franzmoro/SW/inmotion_postcode/app/reducers/form.js","s":{"1":1,"2":1,"3":1,"4":1,"5":1,"6":14,"7":14,"8":14,"9":3,"10":0,"11":2,"12":1,"13":8},"b":{"1":[10,4],"2":[14,14],"3":[3,0,2,1,8]},"f":{"1":14},"fnMap":{"1":{"name":"(anonymous_1)","line":16,"loc":{"start":{"line":16,"column":17},"end":{"line":16,"column":51}}}},"statementMap":{"1":{"start":{"line":1,"column":0},"end":{"line":null,"column":null}},"2":{"start":{"line":2,"column":0},"end":{"line":null,"column":null}},"3":{"start":{"line":0,"column":0},"end":{"line":0,"column":0},"skip":true},"4":{"start":{"line":11,"column":0},"end":{"line":null,"column":null}},"5":{"start":{"line":16,"column":0},"end":{"line":null,"column":null}},"6":{"start":{"line":16,"column":18},"end":{"line":16,"column":40}},"7":{"start":{"line":16,"column":40},"end":{"line":null,"column":null}},"8":{"start":{"line":17,"column":2},"end":{"line":null,"column":null}},"9":{"start":{"line":19,"column":6},"end":{"line":null,"column":null}},"10":{"start":{"line":21,"column":6},"end":{"line":null,"column":null}},"11":{"start":{"line":23,"column":6},"end":{"line":null,"column":null}},"12":{"start":{"line":25,"column":6},"end":{"line":null,"column":null}},"13":{"start":{"line":27,"column":6},"end":{"line":17,"column":2}}},"branchMap":{"1":{"line":16,"type":"cond-expr","locations":[{"start":{"line":16,"column":26},"end":{"line":16,"column":26}},{"start":{"line":16,"column":26},"end":{"line":16,"column":51}}]},"2":{"line":16,"type":"binary-expr","locations":[{"start":{"line":16,"column":26},"end":{"line":16,"column":26}},{"start":{"line":16,"column":26},"end":{"line":16,"column":26}}]},"3":{"line":18,"type":"switch","locations":[{"start":{"line":18,"column":4},"end":{"line":null,"column":null}},{"start":{"line":20,"column":4},"end":{"line":null,"column":null}},{"start":{"line":22,"column":4},"end":{"line":null,"column":null}},{"start":{"line":24,"column":4},"end":{"line":null,"column":null}},{"start":{"line":26,"column":4},"end":{"line":17,"column":2}}]}}},"/Users/franzmoro/SW/inmotion_postcode/app/utils/addresses.js":{"path":"/Users/franzmoro/SW/inmotion_postcode/app/utils/addresses.js","s":{"1":1,"2":1,"3":1,"4":42,"5":294,"6":294,"7":1,"8":42,"9":294,"10":1},"b":{},"f":{"1":42,"2":294,"3":42,"4":294},"fnMap":{"1":{"name":"mapAddressStrToObj","line":13,"loc":{"start":{"line":13,"column":27},"end":{"line":13,"column":44}}},"2":{"name":"(anonymous_2)","line":16,"loc":{"start":{"line":16,"column":4},"end":{"line":16,"column":27}}},"3":{"name":"renderRawAddress","line":23,"loc":{"start":{"line":23,"column":25},"end":{"line":23,"column":32}}},"4":{"name":"(anonymous_4)","line":23,"loc":{"start":{"line":23,"column":55},"end":{"line":23,"column":62}}}},"statementMap":{"1":{"start":{"line":1,"column":0},"end":{"line":null,"column":null}},"2":{"start":{"line":11,"column":0},"end":{"line":null,"column":null}},"3":{"start":{"line":13,"column":0},"end":{"line":null,"column":null}},"4":{"start":{"line":13,"column":44},"end":{"line":13,"column":0}},"5":{"start":{"line":17,"column":6},"end":{"line":null,"column":null}},"6":{"start":{"line":18,"column":6},"end":{"line":null,"column":null}},"7":{"start":{"line":23,"column":0},"end":{"line":null,"column":null}},"8":{"start":{"line":23,"column":32},"end":{"line":23,"column":0}},"9":{"start":{"line":23,"column":62},"end":{"line":23,"column":32}},"10":{"start":{"line":25,"column":0},"end":{"line":null,"column":null}}},"branchMap":{}},"/Users/franzmoro/SW/inmotion_postcode/app/configure_store.js":{"path":"/Users/franzmoro/SW/inmotion_postcode/app/configure_store.js","s":{"1":1,"2":1,"3":1,"4":1,"5":1,"6":1,"7":2,"8":1,"9":1,"10":1,"11":2,"12":1,"13":1,"14":0,"15":1,"16":1,"17":1,"18":1,"19":4,"20":4,"21":10,"22":1,"23":1,"24":4,"25":4,"26":4,"27":4},"b":{"1":[1,1],"2":[2,2],"3":[1,1],"4":[0,1],"5":[0,1]},"f":{"1":2,"2":1,"3":4,"4":4,"5":10,"6":4},"fnMap":{"1":{"name":"_interopRequireDefault","line":0,"loc":{"start":{"line":0,"column":0},"end":{"line":0,"column":0}},"skip":true},"2":{"name":"_objectWithoutProperties","line":0,"loc":{"start":{"line":0,"column":0},"end":{"line":0,"column":0}},"skip":true},"3":{"name":"emptyMiddleware","line":11,"loc":{"start":{"line":11,"column":24},"end":{"line":11,"column":30}}},"4":{"name":"(anonymous_4)","line":11,"loc":{"start":{"line":11,"column":31},"end":{"line":11,"column":40}}},"5":{"name":"(anonymous_5)","line":11,"loc":{"start":{"line":11,"column":41},"end":{"line":11,"column":52}}},"6":{"name":"(anonymous_6)","line":17,"loc":{"start":{"line":17,"column":17},"end":{"line":17,"column":44}}}},"statementMap":{"1":{"start":{"line":3,"column":0},"end":{"line":null,"column":null}},"2":{"start":{"line":0,"column":0},"end":{"line":0,"column":0},"skip":true},"3":{"start":{"line":4,"column":0},"end":{"line":null,"column":null}},"4":{"start":{"line":5,"column":0},"end":{"line":null,"column":null}},"5":{"start":{"line":0,"column":0},"end":{"line":0,"column":0},"skip":true},"6":{"start":{"line":0,"column":0},"end":{"line":0,"column":0},"skip":true},"7":{"start":{"line":0,"column":0},"end":{"line":0,"column":0},"skip":true},"8":{"start":{"line":0,"column":0},"end":{"line":0,"column":0},"skip":true},"9":{"start":{"line":0,"column":0},"end":{"line":0,"column":0},"skip":true},"10":{"start":{"line":0,"column":0},"end":{"line":0,"column":0},"skip":true},"11":{"start":{"line":0,"column":0},"end":{"line":0,"column":0},"skip":true},"12":{"start":{"line":0,"column":0},"end":{"line":0,"column":0},"skip":true},"13":{"start":{"line":0,"column":0},"end":{"line":0,"column":0},"skip":true},"14":{"start":{"line":0,"column":0},"end":{"line":0,"column":0},"skip":true},"15":{"start":{"line":0,"column":0},"end":{"line":0,"column":0},"skip":true},"16":{"start":{"line":0,"column":0},"end":{"line":0,"column":0},"skip":true},"17":{"start":{"line":0,"column":0},"end":{"line":0,"column":0},"skip":true},"18":{"start":{"line":11,"column":0},"end":{"line":null,"column":null}},"19":{"start":{"line":11,"column":30},"end":{"line":11,"column":0}},"20":{"start":{"line":11,"column":40},"end":{"line":11,"column":24}},"21":{"start":{"line":11,"column":52},"end":{"line":11,"column":30}},"22":{"start":{"line":12,"column":0},"end":{"line":null,"column":null}},"23":{"start":{"line":17,"column":0},"end":{"line":null,"column":null}},"24":{"start":{"line":17,"column":20},"end":{"line":null,"column":null}},"25":{"start":{"line":18,"column":2},"end":{"line":null,"column":null}},"26":{"start":{"line":23,"column":2},"end":{"line":null,"column":null}},"27":{"start":{"line":25,"column":2},"end":{"line":null,"column":null}}},"branchMap":{"1":{"line":0,"type":"cond-expr","locations":[{"start":{"line":0,"column":0},"end":{"line":0,"column":0},"skip":true},{"start":{"line":0,"column":0},"end":{"line":0,"column":0},"skip":true}]},"2":{"line":0,"type":"binary-expr","locations":[{"start":{"line":0,"column":0},"end":{"line":0,"column":0},"skip":true},{"start":{"line":0,"column":0},"end":{"line":0,"column":0},"skip":true}]},"3":{"line":0,"type":"if","locations":[{"start":{"line":0,"column":0},"end":{"line":0,"column":0},"skip":true},{"start":{"line":0,"column":0},"end":{"line":0,"column":0},"skip":true}]},"4":{"line":0,"type":"if","locations":[{"start":{"line":0,"column":0},"end":{"line":0,"column":0},"skip":true},{"start":{"line":0,"column":0},"end":{"line":0,"column":0},"skip":true}]},"5":{"line":13,"type":"cond-expr","locations":[{"start":{"line":13,"column":4},"end":{"line":12,"column":25}},{"start":{"line":14,"column":4},"end":{"line":12,"column":0}}]}}},"/Users/franzmoro/SW/inmotion_postcode/app/dev_options.js":{"path":"/Users/franzmoro/SW/inmotion_postcode/app/dev_options.js","s":{"1":1,"2":0},"b":{"1":[1,1]},"f":{"1":0},"fnMap":{"1":{"name":"(anonymous_1)","line":5,"loc":{"start":{"line":5,"column":6},"end":{"line":5,"column":18}}}},"statementMap":{"1":{"start":{"line":1,"column":0},"end":{"line":null,"column":null}},"2":{"start":{"line":5,"column":18},"end":{"line":2,"column":17}}},"branchMap":{"1":{"line":4,"type":"binary-expr","locations":[{"start":{"line":4,"column":11},"end":{"line":4,"column":11}},{"start":{"line":5,"column":6},"end":{"line":2,"column":17}}]}}},"/Users/franzmoro/SW/inmotion_postcode/app/actions/index.js":{"path":"/Users/franzmoro/SW/inmotion_postcode/app/actions/index.js","s":{"1":1,"2":0,"3":0,"4":0,"5":0,"6":0,"7":0,"8":1,"9":4,"10":4},"b":{"1":[1,0],"2":[0,0]},"f":{"1":0,"2":4},"fnMap":{"1":{"name":"(anonymous_1)","line":1,"loc":{"start":{"line":1,"column":0},"end":{"line":1,"column":0}}},"2":{"name":"(anonymous_2)","line":1,"loc":{"start":{"line":1,"column":17},"end":{"line":1,"column":39}}}},"statementMap":{"1":{"start":{"line":1,"column":0},"end":{"line":1,"column":0}},"2":{"start":{"line":1,"column":0},"end":{"line":1,"column":0}},"3":{"start":{"line":1,"column":0},"end":{"line":1,"column":0}},"4":{"start":{"line":1,"column":0},"end":{"line":1,"column":0}},"5":{"start":{"line":1,"column":0},"end":{"line":1,"column":0}},"6":{"start":{"line":1,"column":0},"end":{"line":1,"column":0}},"7":{"start":{"line":1,"column":0},"end":{"line":1,"column":0}},"8":{"start":{"line":1,"column":0},"end":{"line":null,"column":null}},"9":{"start":{"line":1,"column":20},"end":{"line":null,"column":null}},"10":{"start":{"line":2,"column":2},"end":{"line":null,"column":null}}},"branchMap":{"1":{"line":1,"type":"binary-expr","locations":[{"start":{"line":1,"column":0},"end":{"line":1,"column":0}},{"start":{"line":1,"column":0},"end":{"line":1,"column":0}}]},"2":{"line":1,"type":"if","locations":[{"start":{"line":1,"column":0},"end":{"line":1,"column":0}},{"start":{"line":1,"column":0},"end":{"line":1,"column":0}}]}}},"/Users/franzmoro/SW/inmotion_postcode/app/actions/addresses.js":{"path":"/Users/franzmoro/SW/inmotion_postcode/app/actions/addresses.js","s":{"1":1,"2":1,"3":1,"4":4,"5":4,"6":2,"7":2,"8":2,"9":0,"10":2,"11":2,"12":2,"13":2,"14":2,"15":2,"16":2,"17":1,"18":1,"19":1,"20":1,"21":1,"22":0},"b":{"1":[0,2],"2":[1,1]},"f":{"1":4,"2":2,"3":2,"4":2,"5":2,"6":0},"fnMap":{"1":{"name":"(anonymous_1)","line":11,"loc":{"start":{"line":11,"column":17},"end":{"line":11,"column":20}}},"2":{"name":"getAddresses","line":12,"loc":{"start":{"line":12,"column":16},"end":{"line":12,"column":22}}},"3":{"name":"(anonymous_3)","line":12,"loc":{"start":{"line":12,"column":23},"end":{"line":12,"column":46}}},"4":{"name":"(anonymous_4)","line":25,"loc":{"start":{"line":25,"column":10},"end":{"line":25,"column":17}}},"5":{"name":"(anonymous_5)","line":26,"loc":{"start":{"line":26,"column":10},"end":{"line":26,"column":18}}},"6":{"name":"(anonymous_6)","line":47,"loc":{"start":{"line":47,"column":11},"end":{"line":47,"column":18}}}},"statementMap":{"1":{"start":{"line":1,"column":0},"end":{"line":null,"column":null}},"2":{"start":{"line":0,"column":0},"end":{"line":0,"column":0},"skip":true},"3":{"start":{"line":11,"column":0},"end":{"line":null,"column":null}},"4":{"start":{"line":11,"column":20},"end":{"line":11,"column":68}},"5":{"start":{"line":11,"column":68},"end":{"line":11,"column":0}},"6":{"start":{"line":12,"column":22},"end":{"line":11,"column":68}},"7":{"start":{"line":13,"column":4},"end":{"line":null,"column":null}},"8":{"start":{"line":14,"column":4},"end":{"line":null,"column":null}},"9":{"start":{"line":15,"column":6},"end":{"line":null,"column":null}},"10":{"start":{"line":17,"column":4},"end":{"line":null,"column":null}},"11":{"start":{"line":18,"column":4},"end":{"line":null,"column":null}},"12":{"start":{"line":19,"column":4},"end":{"line":null,"column":null}},"13":{"start":{"line":20,"column":4},"end":{"line":null,"column":null}},"14":{"start":{"line":24,"column":4},"end":{"line":null,"column":null}},"15":{"start":{"line":25,"column":17},"end":{"line":24,"column":4}},"16":{"start":{"line":27,"column":6},"end":{"line":null,"column":null}},"17":{"start":{"line":28,"column":8},"end":{"line":null,"column":null}},"18":{"start":{"line":32,"column":8},"end":{"line":null,"column":null}},"19":{"start":{"line":34,"column":6},"end":{"line":null,"column":null}},"20":{"start":{"line":35,"column":6},"end":{"line":null,"column":null}},"21":{"start":{"line":42,"column":6},"end":{"line":null,"column":null}},"22":{"start":{"line":49,"column":6},"end":{"line":null,"column":null}}},"branchMap":{"1":{"line":14,"type":"if","locations":[{"start":{"line":14,"column":4},"end":{"line":14,"column":4}},{"start":{"line":14,"column":4},"end":{"line":14,"column":4}}]},"2":{"line":27,"type":"if","locations":[{"start":{"line":27,"column":6},"end":{"line":27,"column":6}},{"start":{"line":27,"column":6},"end":{"line":27,"column":6}}]}}},"/Users/franzmoro/SW/inmotion_postcode/app/actions/form.js":{"path":"/Users/franzmoro/SW/inmotion_postcode/app/actions/form.js","s":{"1":1,"2":1,"3":4,"4":3,"5":0,"6":1,"7":1,"8":1,"9":1,"10":0},"b":{},"f":{"1":4,"2":3,"3":0,"4":1,"5":1,"6":0},"fnMap":{"1":{"name":"(anonymous_1)","line":9,"loc":{"start":{"line":9,"column":17},"end":{"line":9,"column":24}}},"2":{"name":"changePostcodeInput","line":10,"loc":{"start":{"line":10,"column":23},"end":{"line":10,"column":38}}},"3":{"name":"clearAllInputs","line":14,"loc":{"start":{"line":14,"column":18},"end":{"line":14,"column":25}}},"4":{"name":"selectAddress","line":15,"loc":{"start":{"line":15,"column":17},"end":{"line":15,"column":26}}},"5":{"name":"(anonymous_5)","line":15,"loc":{"start":{"line":15,"column":27},"end":{"line":15,"column":50}}},"6":{"name":"hidePicker","line":23,"loc":{"start":{"line":23,"column":14},"end":{"line":23,"column":21}}}},"statementMap":{"1":{"start":{"line":1,"column":0},"end":{"line":null,"column":null}},"2":{"start":{"line":9,"column":0},"end":{"line":null,"column":null}},"3":{"start":{"line":9,"column":24},"end":{"line":9,"column":0}},"4":{"start":{"line":10,"column":38},"end":{"line":9,"column":24}},"5":{"start":{"line":14,"column":25},"end":{"line":9,"column":24}},"6":{"start":{"line":15,"column":26},"end":{"line":9,"column":24}},"7":{"start":{"line":16,"column":4},"end":{"line":null,"column":null}},"8":{"start":{"line":20,"column":4},"end":{"line":null,"column":null}},"9":{"start":{"line":21,"column":4},"end":{"line":null,"column":null}},"10":{"start":{"line":23,"column":21},"end":{"line":9,"column":24}}},"branchMap":{}}}