TN:
SF:/Users/franzmoro/SW/inmotion_postcode/app/reducers/index.js
FNF:0
FNH:0
DA:1,1
DA:3,1
LF:2
LH:2
BRF:0
BRH:0
end_of_record
TN:
SF:/Users/franzmoro/SW/inmotion_postcode/app/reducers/addresses.js
FN:16,(anonymous_1)
FNF:1
FNH:1
FNDA:14,(anonymous_1)
DA:1,1
DA:2,1
DA:8,1
DA:16,14
DA:17,14
DA:19,1
DA:23,1
DA:25,2
DA:27,10
LF:9
LH:9
BRDA:16,1,0,10
BRDA:16,1,1,4
BRDA:16,2,0,14
BRDA:16,2,1,14
BRDA:18,3,0,1
BRDA:18,3,1,1
BRDA:18,3,2,2
BRDA:18,3,3,10
BRF:8
BRH:8
end_of_record
TN:
SF:/Users/franzmoro/SW/inmotion_postcode/app/action_types.js
FNF:0
FNH:0
DA:1,1
DA:2,1
DA:3,1
DA:4,1
DA:5,1
DA:6,1
DA:7,1
LF:7
LH:7
BRF:0
BRH:0
end_of_record
TN:
SF:/Users/franzmoro/SW/inmotion_postcode/app/reducers/form.js
FN:16,(anonymous_1)
FNF:1
FNH:1
FNDA:14,(anonymous_1)
DA:1,1
DA:2,1
DA:11,1
DA:16,14
DA:17,14
DA:19,3
DA:21,0
DA:23,2
DA:25,1
DA:27,8
LF:10
LH:9
BRDA:16,1,0,10
BRDA:16,1,1,4
BRDA:16,2,0,14
BRDA:16,2,1,14
BRDA:18,3,0,3
BRDA:18,3,1,0
BRDA:18,3,2,2
BRDA:18,3,3,1
BRDA:18,3,4,8
BRF:9
BRH:8
end_of_record
TN:
SF:/Users/franzmoro/SW/inmotion_postcode/app/utils/addresses.js
FN:13,mapAddressStrToObj
FN:16,(anonymous_2)
FN:23,renderRawAddress
FN:23,(anonymous_4)
FNF:4
FNH:4
FNDA:42,mapAddressStrToObj
FNDA:294,(anonymous_2)
FNDA:42,renderRawAddress
FNDA:294,(anonymous_4)
DA:1,1
DA:11,1
DA:13,42
DA:17,294
DA:18,294
DA:23,294
DA:25,1
LF:7
LH:7
BRF:0
BRH:0
end_of_record
TN:
SF:/Users/franzmoro/SW/inmotion_postcode/app/configure_store.js
FN:11,emptyMiddleware
FN:11,(anonymous_4)
FN:11,(anonymous_5)
FN:17,(anonymous_6)
FNF:4
FNH:4
FNDA:4,emptyMiddleware
FNDA:4,(anonymous_4)
FNDA:10,(anonymous_5)
FNDA:4,(anonymous_6)
DA:3,1
DA:4,1
DA:5,1
DA:11,10
DA:12,1
DA:17,4
DA:18,4
DA:23,4
DA:25,4
LF:9
LH:9
BRDA:13,5,0,0
BRDA:13,5,1,1
BRF:2
BRH:1
end_of_record
TN:
SF:/Users/franzmoro/SW/inmotion_postcode/app/dev_options.js
FN:5,(anonymous_1)
FNF:1
FNH:0
FNDA:0,(anonymous_1)
DA:1,1
DA:5,0
LF:2
LH:1
BRDA:4,1,0,1
BRDA:4,1,1,1
BRF:2
BRH:2
end_of_record
TN:
SF:/Users/franzmoro/SW/inmotion_postcode/app/actions/index.js
FN:1,(anonymous_1)
FN:1,(anonymous_2)
FNF:2
FNH:1
FNDA:0,(anonymous_1)
FNDA:4,(anonymous_2)
DA:1,4
DA:2,4
LF:2
LH:2
BRDA:1,1,0,1
BRDA:1,1,1,0
BRDA:1,2,0,0
BRDA:1,2,1,0
BRF:4
BRH:1
end_of_record
TN:
SF:/Users/franzmoro/SW/inmotion_postcode/app/actions/addresses.js
FN:11,(anonymous_1)
FN:12,getAddresses
FN:12,(anonymous_3)
FN:25,(anonymous_4)
FN:26,(anonymous_5)
FN:47,(anonymous_6)
FNF:6
FNH:5
FNDA:4,(anonymous_1)
FNDA:2,getAddresses
FNDA:2,(anonymous_3)
FNDA:2,(anonymous_4)
FNDA:2,(anonymous_5)
FNDA:0,(anonymous_6)
DA:1,1
DA:11,4
DA:12,2
DA:13,2
DA:14,2
DA:15,0
DA:17,2
DA:18,2
DA:19,2
DA:20,2
DA:24,2
DA:25,2
DA:27,2
DA:28,1
DA:32,1
DA:34,1
DA:35,1
DA:42,1
DA:49,0
LF:19
LH:17
BRDA:14,1,0,0
BRDA:14,1,1,2
BRDA:27,2,0,1
BRDA:27,2,1,1
BRF:4
BRH:3
end_of_record
TN:
SF:/Users/franzmoro/SW/inmotion_postcode/app/actions/form.js
FN:9,(anonymous_1)
FN:10,changePostcodeInput
FN:14,clearAllInputs
FN:15,selectAddress
FN:15,(anonymous_5)
FN:23,hidePicker
FNF:6
FNH:4
FNDA:4,(anonymous_1)
FNDA:3,changePostcodeInput
FNDA:0,clearAllInputs
FNDA:1,selectAddress
FNDA:1,(anonymous_5)
FNDA:0,hidePicker
DA:1,1
DA:9,4
DA:10,3
DA:14,0
DA:15,1
DA:16,1
DA:20,1
DA:21,1
DA:23,0
LF:9
LH:7
BRF:0
BRH:0
end_of_record
